<?xml version="1.0" encoding="UTF-8"?>
<!-- Generated by org.testng.reporters.JUnitReportReporter -->
<testsuite skipped="0" hostname="LAPTOP-5U4FCU2K" name="test.LoginTest" tests="2" failures="0" timestamp="2019-11-23T13:09:38 CST" time="14.537" errors="0">
  <testcase name="validUserShouldBeAbleToLogin" time="7.305" classname="test.LoginTest"/>
  <testcase name="invalidUsersShouldNotBeAbleToLogin" time="7.232" classname="test.LoginTest"/>
</testsuite> <!-- test.LoginTest -->
