<?xml version="1.0" encoding="UTF-8"?>
<!-- Generated by org.testng.reporters.JUnitReportReporter -->
<testsuite skipped="0" hostname="LAPTOP-5U4FCU2K" name="test.SelectTest" tests="1" failures="0" timestamp="2019-11-23T13:25:33 CST" time="14.340" errors="0">
  <testcase name="selectTest" time="14.340" classname="test.SelectTest"/>
</testsuite> <!-- test.SelectTest -->
